<?xml version="1.0" encoding="UTF-8"?>
<!-- Generated by org.testng.reporters.JUnitXMLReporter -->
<testsuite ignored="0" hostname="Hp" failures="0" tests="0" name="Cucumber Test" time="1.371" errors="0" timestamp="2025-03-23T08:32:07 IST">
  <testcase classname="io.cucumber.testng.AbstractTestNGCucumberTests" name="@BeforeClass setUpClass" time="1.224">
    <failure type="java.util.ServiceConfigurationError" message="io.cucumber.core.backend.ObjectFactory: io.cucumber.spring.SpringFactory Unable to get public no-arg constructor">
      <![CDATA[java.util.ServiceConfigurationError: io.cucumber.core.backend.ObjectFactory: io.cucumber.spring.SpringFactory Unable to get public no-arg constructor
at java.base/java.util.ServiceLoader.fail(ServiceLoader.java:582)
at java.base/java.util.ServiceLoader.getConstructor(ServiceLoader.java:675)
at java.base/java.util.ServiceLoader$LazyClassPathLookupIterator.hasNextService(ServiceLoader.java:1236)
at java.base/java.util.ServiceLoader$LazyClassPathLookupIterator.hasNext(ServiceLoader.java:1269)
at java.base/java.util.ServiceLoader$2.hasNext(ServiceLoader.java:1305)
at java.base/java.util.ServiceLoader$3.hasNext(ServiceLoader.java:1387)
at io.cucumber.core.runtime.ObjectFactoryServiceLoader.loadSingleObjectFactoryOrDefault(ObjectFactoryServiceLoader.java:55)
at io.cucumber.core.runtime.ObjectFactoryServiceLoader.loadObjectFactory(ObjectFactoryServiceLoader.java:43)
at java.base/java.lang.ThreadLocal$SuppliedThreadLocal.initialValue(ThreadLocal.java:357)
at java.base/java.lang.ThreadLocal.setInitialValue(ThreadLocal.java:225)
at java.base/java.lang.ThreadLocal.get(ThreadLocal.java:194)
at java.base/java.lang.ThreadLocal.get(ThreadLocal.java:172)
at io.cucumber.core.runtime.ThreadLocalObjectFactorySupplier.get(ThreadLocalObjectFactorySupplier.java:18)
at io.cucumber.core.runtime.BackendServiceLoader.loadBackends(BackendServiceLoader.java:48)
at io.cucumber.core.runtime.BackendServiceLoader.get(BackendServiceLoader.java:37)
at io.cucumber.core.runtime.BackendServiceLoader.get(BackendServiceLoader.java:33)
at io.cucumber.core.runtime.ThreadLocalRunnerSupplier.createRunner(ThreadLocalRunnerSupplier.java:46)
at java.base/java.lang.ThreadLocal$SuppliedThreadLocal.initialValue(ThreadLocal.java:357)
at java.base/java.lang.ThreadLocal.setInitialValue(ThreadLocal.java:225)
at java.base/java.lang.ThreadLocal.get(ThreadLocal.java:194)
at java.base/java.lang.ThreadLocal.get(ThreadLocal.java:172)
at io.cucumber.core.runtime.ThreadLocalRunnerSupplier.get(ThreadLocalRunnerSupplier.java:40)
at io.cucumber.core.runtime.RethrowingThrowableCollector.executeAndThrow(RethrowingThrowableCollector.java:35)
at io.cucumber.core.runtime.CucumberExecutionContext.getRunner(CucumberExecutionContext.java:140)
at io.cucumber.core.runtime.CucumberExecutionContext.runBeforeAllHooks(CucumberExecutionContext.java:92)
at io.cucumber.testng.TestNGCucumberRunner.<init>(TestNGCucumberRunner.java:127)
at io.cucumber.testng.AbstractTestNGCucumberTests.setUpClass(AbstractTestNGCucumberTests.java:27)
at java.base/java.util.ArrayList.forEach(ArrayList.java:1597)
Caused by: java.lang.NoClassDefFoundError: org/springframework/beans/BeansException
at java.base/java.lang.Class.getDeclaredConstructors0(Native Method)
at java.base/java.lang.Class.privateGetDeclaredConstructors(Class.java:3621)
at java.base/java.lang.Class.getConstructor0(Class.java:3826)
at java.base/java.lang.Class.getConstructor(Class.java:2501)
at java.base/java.util.ServiceLoader$1.run(ServiceLoader.java:662)
at java.base/java.util.ServiceLoader$1.run(ServiceLoader.java:659)
at java.base/java.security.AccessController.doPrivileged(AccessController.java:571)
at java.base/java.util.ServiceLoader.getConstructor(ServiceLoader.java:670)
... 49 more
Caused by: java.lang.ClassNotFoundException: org.springframework.beans.BeansException
at java.base/jdk.internal.loader.BuiltinClassLoader.loadClass(BuiltinClassLoader.java:641)
at java.base/jdk.internal.loader.ClassLoaders$AppClassLoader.loadClass(ClassLoaders.java:188)
at java.base/java.lang.ClassLoader.loadClass(ClassLoader.java:528)
... 57 more
... Removed 23 stack frames]]>
    </failure>
  </testcase> <!-- @BeforeClass setUpClass -->
</testsuite> <!-- Cucumber Test -->
